nov. 24, 2025 8:32:45 P. M. utils.LogService info
INFO: Login exitoso para el usuario: admin (Administrador)
nov. 24, 2025 8:35:13 P. M. utils.LogService info
INFO: Venta registrada. Factura: F001-1764034513 - Total: S/4019.2
nov. 24, 2025 8:44:19 P. M. utils.LogService info
INFO: Login exitoso para el usuario: ventas1 (Ventas)
nov. 24, 2025 10:56:20 P. M. utils.LogService info
INFO: Login exitoso para el usuario: admin (Administrador)
dic. 01, 2025 8:06:48 P. M. utils.LogService info
INFO: Login exitoso para el usuario: admin (Administrador)
dic. 01, 2025 10:29:01 P. M. utils.LogService info
INFO: Venta registrada. Factura: F001-1764646141 - Total: S/1700.0
dic. 01, 2025 10:29:54 P. M. utils.LogService info
INFO: Venta registrada. Factura: F001-1764646194 - Total: S/465.0
dic. 04, 2025 12:58:05 A. M. utils.LogService info
INFO: Login exitoso para el usuario: ventas1 (Ventas)
dic. 04, 2025 12:58:32 A. M. utils.LogService info
INFO: Login exitoso para el usuario: almacen1 (Almacen)
dic. 04, 2025 6:49:14 P. M. utils.LogService info
INFO: Login exitoso para el usuario: admin (Administrador)
abr. 13, 2026 8:00:59 P. M. utils.LogService info
INFO: Login exitoso para el usuario: admin (Administrador)
jul. 17, 2026 3:53:26 P. M. utils.LogService info
INFO: Login exitoso para el usuario: admin (Administrador)
jul. 17, 2026 3:59:51 P. M. utils.LogService error
SEVERE: Error al eliminar producto: 
java.sql.SQLIntegrityConstraintViolationException: Cannot delete or update a parent row: a foreign key constraint fails (`inventario_mype_v2`.`entrada`, CONSTRAINT `entrada_ibfk_1` FOREIGN KEY (`id_producto`) REFERENCES `producto` (`id_producto`))
	at com.mysql.cj.jdbc.exceptions.SQLError.createSQLException(SQLError.java:109)
	at com.mysql.cj.jdbc.exceptions.SQLExceptionsMapping.translateException(SQLExceptionsMapping.java:114)
	at com.mysql.cj.jdbc.ClientPreparedStatement.executeInternal(ClientPreparedStatement.java:988)
	at com.mysql.cj.jdbc.ClientPreparedStatement.executeUpdateInternal(ClientPreparedStatement.java:1166)
	at com.mysql.cj.jdbc.ClientPreparedStatement.executeUpdateInternal(ClientPreparedStatement.java:1101)
	at com.mysql.cj.jdbc.ClientPreparedStatement.executeLargeUpdate(ClientPreparedStatement.java:1448)
	at com.mysql.cj.jdbc.ClientPreparedStatement.executeUpdate(ClientPreparedStatement.java:1084)
	at dao.ProductoDAOImpl.eliminar(ProductoDAOImpl.java:262)
	at controlador.InventarioController.eliminarProductoSeleccionado(InventarioController.java:167)
	at controlador.InventarioController.lambda$inicializar$3(InventarioController.java:70)
	at java.desktop/javax.swing.AbstractButton.fireActionPerformed(AbstractButton.java:1972)
	at java.desktop/javax.swing.AbstractButton$Handler.actionPerformed(AbstractButton.java:2314)
	at java.desktop/javax.swing.DefaultButtonModel.fireActionPerformed(DefaultButtonModel.java:407)
	at java.desktop/javax.swing.DefaultButtonModel.setPressed(DefaultButtonModel.java:262)
	at java.desktop/javax.swing.plaf.basic.BasicButtonListener.mouseReleased(BasicButtonListener.java:279)
	at java.desktop/java.awt.Component.processMouseEvent(Component.java:6621)
	at java.desktop/javax.swing.JComponent.processMouseEvent(JComponent.java:3398)
	at java.desktop/java.awt.Component.processEvent(Component.java:6386)
	at java.desktop/java.awt.Container.processEvent(Container.java:2266)
	at java.desktop/java.awt.Component.dispatchEventImpl(Component.java:4996)
	at java.desktop/java.awt.Container.dispatchEventImpl(Container.java:2324)
	at java.desktop/java.awt.Component.dispatchEvent(Component.java:4828)
	at java.desktop/java.awt.LightweightDispatcher.retargetMouseEvent(Container.java:4948)
	at java.desktop/java.awt.LightweightDispatcher.processMouseEvent(Container.java:4575)
	at java.desktop/java.awt.LightweightDispatcher.dispatchEvent(Container.java:4516)
	at java.desktop/java.awt.Container.dispatchEventImpl(Container.java:2310)
	at java.desktop/java.awt.Window.dispatchEventImpl(Window.java:2780)
	at java.desktop/java.awt.Component.dispatchEvent(Component.java:4828)
	at java.desktop/java.awt.EventQueue.dispatchEventImpl(EventQueue.java:775)
	at java.desktop/java.awt.EventQueue$4.run(EventQueue.java:720)
	at java.desktop/java.awt.EventQueue$4.run(EventQueue.java:714)
	at java.base/java.security.AccessController.doPrivileged(AccessController.java:400)
	at java.base/java.security.ProtectionDomain$JavaSecurityAccessImpl.doIntersectionPrivilege(ProtectionDomain.java:87)
	at java.base/java.security.ProtectionDomain$JavaSecurityAccessImpl.doIntersectionPrivilege(ProtectionDomain.java:98)
	at java.desktop/java.awt.EventQueue$5.run(EventQueue.java:747)
	at java.desktop/java.awt.EventQueue$5.run(EventQueue.java:745)
	at java.base/java.security.AccessController.doPrivileged(AccessController.java:400)
	at java.base/java.security.ProtectionDomain$JavaSecurityAccessImpl.doIntersectionPrivilege(ProtectionDomain.java:87)
	at java.desktop/java.awt.EventQueue.dispatchEvent(EventQueue.java:744)
	at java.desktop/java.awt.EventDispatchThread.pumpOneEventForFilters(EventDispatchThread.java:203)
	at java.desktop/java.awt.EventDispatchThread.pumpEventsForFilter(EventDispatchThread.java:124)
	at java.desktop/java.awt.EventDispatchThread.pumpEventsForHierarchy(EventDispatchThread.java:113)
	at java.desktop/java.awt.EventDispatchThread.pumpEvents(EventDispatchThread.java:109)
	at java.desktop/java.awt.EventDispatchThread.pumpEvents(EventDispatchThread.java:101)
	at java.desktop/java.awt.EventDispatchThread.run(EventDispatchThread.java:90)

